d:\developement\visual studio\sfml\try\project0\project0\release\vc141.pdb
d:\developement\visual studio\sfml\try\project0\project0\release\main.obj
d:\developement\visual studio\sfml\try\project0\release\tic tac toe.exe
d:\developement\visual studio\sfml\try\project0\release\tic tac toe.pdb
d:\developement\visual studio\sfml\try\project0\release\tic tac toe.ipdb
d:\developement\visual studio\sfml\try\project0\release\tic tac toe.iobj
d:\developement\visual studio\sfml\try\project0\project0\release\vcpkg.applocal.log
d:\developement\visual studio\sfml\try\project0\release\sfml-graphics-2.dll
d:\developement\visual studio\sfml\try\project0\release\sfml-window-2.dll
d:\developement\visual studio\sfml\try\project0\release\sfml-system-2.dll
d:\developement\visual studio\sfml\try\project0\release\freetype.dll
d:\developement\visual studio\sfml\try\project0\release\zlib1.dll
d:\developement\visual studio\sfml\try\project0\release\bz2.dll
d:\developement\visual studio\sfml\try\project0\release\libpng16.dll
d:\developement\visual studio\sfml\try\project0\project0\release\tic tac toe.tlog\cl.command.1.tlog
d:\developement\visual studio\sfml\try\project0\project0\release\tic tac toe.tlog\cl.read.1.tlog
d:\developement\visual studio\sfml\try\project0\project0\release\tic tac toe.tlog\cl.write.1.tlog
d:\developement\visual studio\sfml\try\project0\project0\release\tic tac toe.tlog\link.command.1.tlog
d:\developement\visual studio\sfml\try\project0\project0\release\tic tac toe.tlog\link.read.1.tlog
d:\developement\visual studio\sfml\try\project0\project0\release\tic tac toe.tlog\link.write.1.tlog
d:\developement\visual studio\sfml\try\project0\project0\release\tic tac toe.tlog\tic tac toe.write.1u.tlog
